Determining if the pthread_create exist failed with the following output:
Change Dir: /home/komodo/Desktop/Projects/ROS/ros_ws/build/CMakeFiles/CMakeTmp

Run Build Command:"/usr/bin/make" "cmTC_fa29b/fast"
/usr/bin/make -f CMakeFiles/cmTC_fa29b.dir/build.make CMakeFiles/cmTC_fa29b.dir/build
make[1]: Entering directory '/home/komodo/Desktop/Projects/ROS/ros_ws/build/CMakeFiles/CMakeTmp'
Building C object CMakeFiles/cmTC_fa29b.dir/CheckSymbolExists.c.o
/usr/bin/cc    -o CMakeFiles/cmTC_fa29b.dir/CheckSymbolExists.c.o   -c /home/komodo/Desktop/Projects/ROS/ros_ws/build/CMakeFiles/CMakeTmp/CheckSymbolExists.c
Linking C executable cmTC_fa29b
/usr/bin/cmake -E cmake_link_script CMakeFiles/cmTC_fa29b.dir/link.txt --verbose=1
/usr/bin/cc      -rdynamic CMakeFiles/cmTC_fa29b.dir/CheckSymbolExists.c.o  -o cmTC_fa29b 
CMakeFiles/cmTC_fa29b.dir/CheckSymbolExists.c.o: In function `main':
CheckSymbolExists.c:(.text+0x2c): undefined reference to `pthread_create'
collect2: error: ld returned 1 exit status
CMakeFiles/cmTC_fa29b.dir/build.make:97: recipe for target 'cmTC_fa29b' failed
make[1]: *** [cmTC_fa29b] Error 1
make[1]: Leaving directory '/home/komodo/Desktop/Projects/ROS/ros_ws/build/CMakeFiles/CMakeTmp'
Makefile:126: recipe for target 'cmTC_fa29b/fast' failed
make: *** [cmTC_fa29b/fast] Error 2

File /home/komodo/Desktop/Projects/ROS/ros_ws/build/CMakeFiles/CMakeTmp/CheckSymbolExists.c:
/* */
#include <pthread.h>

int main(int argc, char** argv)
{
  (void)argv;
#ifndef pthread_create
  return ((int*)(&pthread_create))[argc];
#else
  (void)argc;
  return 0;
#endif
}

Determining if the function pthread_create exists in the pthreads failed with the following output:
Change Dir: /home/komodo/Desktop/Projects/ROS/ros_ws/build/CMakeFiles/CMakeTmp

Run Build Command:"/usr/bin/make" "cmTC_e613f/fast"
/usr/bin/make -f CMakeFiles/cmTC_e613f.dir/build.make CMakeFiles/cmTC_e613f.dir/build
make[1]: Entering directory '/home/komodo/Desktop/Projects/ROS/ros_ws/build/CMakeFiles/CMakeTmp'
Building C object CMakeFiles/cmTC_e613f.dir/CheckFunctionExists.c.o
/usr/bin/cc   -DCHECK_FUNCTION_EXISTS=pthread_create   -o CMakeFiles/cmTC_e613f.dir/CheckFunctionExists.c.o   -c /usr/share/cmake-3.10/Modules/CheckFunctionExists.c
Linking C executable cmTC_e613f
/usr/bin/cmake -E cmake_link_script CMakeFiles/cmTC_e613f.dir/link.txt --verbose=1
/usr/bin/cc  -DCHECK_FUNCTION_EXISTS=pthread_create    -rdynamic CMakeFiles/cmTC_e613f.dir/CheckFunctionExists.c.o  -o cmTC_e613f -lpthreads 
/usr/bin/ld: cannot find -lpthreads
collect2: error: ld returned 1 exit status
CMakeFiles/cmTC_e613f.dir/build.make:97: recipe for target 'cmTC_e613f' failed
make[1]: *** [cmTC_e613f] Error 1
make[1]: Leaving directory '/home/komodo/Desktop/Projects/ROS/ros_ws/build/CMakeFiles/CMakeTmp'
Makefile:126: recipe for target 'cmTC_e613f/fast' failed
make: *** [cmTC_e613f/fast] Error 2


